<html>
<head>
<title>TestNG:  Test</title>
<link href="../testng.css" rel="stylesheet" type="text/css" />
<link href="../my-testng.css" rel="stylesheet" type="text/css" />

<style type="text/css">
.log { display: none;} 
.stack-trace { display: none;} 
</style>
<script type="text/javascript">
<!--
function flip(e) {
  current = e.style.display;
  if (current == 'block') {
    e.style.display = 'none';
    return 0;
  }
  else {
    e.style.display = 'block';
    return 1;
  }
}

function toggleBox(szDivId, elem, msg1, msg2)
{
  var res = -1;  if (document.getElementById) {
    res = flip(document.getElementById(szDivId));
  }
  else if (document.all) {
    // this is the way old msie versions work
    res = flip(document.all[szDivId]);
  }
  if(elem) {
    if(res == 0) elem.innerHTML = msg1; else elem.innerHTML = msg2;
  }

}

function toggleAllBoxes() {
  if (document.getElementsByTagName) {
    d = document.getElementsByTagName('div');
    for (i = 0; i < d.length; i++) {
      if (d[i].className == 'log') {
        flip(d[i]);
      }
    }
  }
}

// -->
</script>

</head>
<body>
<h2 align='center'>Test</h2><table border='1' align="center">
<tr>
<td>Tests passed/Failed/Skipped:</td><td>13/0/1</td>
</tr><tr>
<td>Started on:</td><td>Wed May 01 12:20:06 IST 2019</td>
</tr>
<tr><td>Total time:</td><td>0 seconds (110 ms)</td>
</tr><tr>
<td>Included groups:</td><td></td>
</tr><tr>
<td>Excluded groups:</td><td></td>
</tr>
</table><p/>
<small><i>(Hover the method name to see the test class name)</i></small><p/>
<table width='100%' border='1' class='invocation-percent'>
<tr><td colspan='4' align='center'><b>FAILED TESTS BUT WITHIN SUCCESS PERCENTAGE</b></td></tr>
<tr><td><b>Test method</b></td>
<td width="30%"><b>Exception</b></td>
<td width="10%"><b>Time (seconds)</b></td>
<td><b>Instance</b></td>
</tr>
<tr>
<td title='testNG_scenarios_dummytestcases.TestDummy1.plane()'><b>plane</b><br>Test class: testNG_scenarios_dummytestcases.TestDummy1</td>
<td><div><pre>java.lang.AssertionError: expected [false] but found [true]
	at testNG_scenarios_dummytestcases.TestDummy1.plane(TestDummy1.java:39)
... Removed 29 stack frames</pre></div><a href='#' onClick='toggleBox("stack-trace1132547352", this, "Click to show all stack frames", "Click to hide stack frames")'>Click to show all stack frames</a>
<div class='stack-trace' id='stack-trace1132547352'><pre>java.lang.AssertionError: expected [false] but found [true]
	at org.testng.Assert.fail(Assert.java:94)
	at org.testng.Assert.failNotEquals(Assert.java:494)
	at org.testng.Assert.assertEquals(Assert.java:123)
	at org.testng.Assert.assertEquals(Assert.java:286)
	at org.testng.Assert.assertEquals(Assert.java:296)
	at testNG_scenarios_dummytestcases.TestDummy1.plane(TestDummy1.java:39)
	at sun.reflect.NativeMethodAccessorImpl.invoke0(Native Method)
	at sun.reflect.NativeMethodAccessorImpl.invoke(NativeMethodAccessorImpl.java:62)
	at sun.reflect.DelegatingMethodAccessorImpl.invoke(DelegatingMethodAccessorImpl.java:43)
	at java.lang.reflect.Method.invoke(Method.java:498)
	at org.testng.internal.MethodInvocationHelper.invokeMethod(MethodInvocationHelper.java:84)
	at org.testng.internal.Invoker.invokeMethod(Invoker.java:714)
	at org.testng.internal.Invoker.invokeTestMethod(Invoker.java:901)
	at org.testng.internal.Invoker.invokeTestMethods(Invoker.java:1231)
	at org.testng.internal.TestMethodWorker.invokeTestMethods(TestMethodWorker.java:127)
	at org.testng.internal.TestMethodWorker.run(TestMethodWorker.java:111)
	at org.testng.TestRunner.privateRun(TestRunner.java:767)
	at org.testng.TestRunner.run(TestRunner.java:617)
	at org.testng.SuiteRunner.runTest(SuiteRunner.java:348)
	at org.testng.SuiteRunner.runSequentially(SuiteRunner.java:343)
	at org.testng.SuiteRunner.privateRun(SuiteRunner.java:305)
	at org.testng.SuiteRunner.run(SuiteRunner.java:254)
	at org.testng.SuiteRunnerWorker.runSuite(SuiteRunnerWorker.java:52)
	at org.testng.SuiteRunnerWorker.run(SuiteRunnerWorker.java:86)
	at org.testng.TestNG.runSuitesSequentially(TestNG.java:1224)
	at org.testng.TestNG.runSuitesLocally(TestNG.java:1149)
	at org.testng.TestNG.run(TestNG.java:1057)
	at org.testng.remote.AbstractRemoteTestNG.run(AbstractRemoteTestNG.java:114)
	at org.testng.remote.RemoteTestNG.initAndRun(RemoteTestNG.java:251)
	at org.testng.remote.RemoteTestNG.main(RemoteTestNG.java:77)
</pre></div></td>
<td>0</td>
<td>testNG_scenarios_dummytestcases.TestDummy1@f6c48ac</td></tr>
<tr>
<td title='testNG_scenarios_dummytestcases.TestDummy1.plane()'><b>plane</b><br>Test class: testNG_scenarios_dummytestcases.TestDummy1</td>
<td><div><pre>java.lang.AssertionError: expected [false] but found [true]
	at testNG_scenarios_dummytestcases.TestDummy1.plane(TestDummy1.java:39)
... Removed 29 stack frames</pre></div><a href='#' onClick='toggleBox("stack-trace727001376", this, "Click to show all stack frames", "Click to hide stack frames")'>Click to show all stack frames</a>
<div class='stack-trace' id='stack-trace727001376'><pre>java.lang.AssertionError: expected [false] but found [true]
	at org.testng.Assert.fail(Assert.java:94)
	at org.testng.Assert.failNotEquals(Assert.java:494)
	at org.testng.Assert.assertEquals(Assert.java:123)
	at org.testng.Assert.assertEquals(Assert.java:286)
	at org.testng.Assert.assertEquals(Assert.java:296)
	at testNG_scenarios_dummytestcases.TestDummy1.plane(TestDummy1.java:39)
	at sun.reflect.NativeMethodAccessorImpl.invoke0(Native Method)
	at sun.reflect.NativeMethodAccessorImpl.invoke(NativeMethodAccessorImpl.java:62)
	at sun.reflect.DelegatingMethodAccessorImpl.invoke(DelegatingMethodAccessorImpl.java:43)
	at java.lang.reflect.Method.invoke(Method.java:498)
	at org.testng.internal.MethodInvocationHelper.invokeMethod(MethodInvocationHelper.java:84)
	at org.testng.internal.Invoker.invokeMethod(Invoker.java:714)
	at org.testng.internal.Invoker.invokeTestMethod(Invoker.java:901)
	at org.testng.internal.Invoker.invokeTestMethods(Invoker.java:1231)
	at org.testng.internal.TestMethodWorker.invokeTestMethods(TestMethodWorker.java:127)
	at org.testng.internal.TestMethodWorker.run(TestMethodWorker.java:111)
	at org.testng.TestRunner.privateRun(TestRunner.java:767)
	at org.testng.TestRunner.run(TestRunner.java:617)
	at org.testng.SuiteRunner.runTest(SuiteRunner.java:348)
	at org.testng.SuiteRunner.runSequentially(SuiteRunner.java:343)
	at org.testng.SuiteRunner.privateRun(SuiteRunner.java:305)
	at org.testng.SuiteRunner.run(SuiteRunner.java:254)
	at org.testng.SuiteRunnerWorker.runSuite(SuiteRunnerWorker.java:52)
	at org.testng.SuiteRunnerWorker.run(SuiteRunnerWorker.java:86)
	at org.testng.TestNG.runSuitesSequentially(TestNG.java:1224)
	at org.testng.TestNG.runSuitesLocally(TestNG.java:1149)
	at org.testng.TestNG.run(TestNG.java:1057)
	at org.testng.remote.AbstractRemoteTestNG.run(AbstractRemoteTestNG.java:114)
	at org.testng.remote.RemoteTestNG.initAndRun(RemoteTestNG.java:251)
	at org.testng.remote.RemoteTestNG.main(RemoteTestNG.java:77)
</pre></div></td>
<td>0</td>
<td>testNG_scenarios_dummytestcases.TestDummy1@f6c48ac</td></tr>
</table><p>
<table width='100%' border='1' class='invocation-passed'>
<tr><td colspan='4' align='center'><b>PASSED TESTS</b></td></tr>
<tr><td><b>Test method</b></td>
<td width="30%"><b>Exception</b></td>
<td width="10%"><b>Time (seconds)</b></td>
<td><b>Instance</b></td>
</tr>
<tr>
<td title='testNG_scenarios_dummytestcases.TestDummy1.boy()'><b>boy</b><br>Test class: testNG_scenarios_dummytestcases.TestDummy1</td>
<td></td>
<td>0</td>
<td>testNG_scenarios_dummytestcases.TestDummy1@f6c48ac</td></tr>
<tr>
<td title='testNG_scenarios_dummytestcases.TestDummy1.cat()'><b>cat</b><br>Test class: testNG_scenarios_dummytestcases.TestDummy1</td>
<td></td>
<td>0</td>
<td>testNG_scenarios_dummytestcases.TestDummy1@f6c48ac</td></tr>
<tr>
<td title='testNG_scenarios_dummytestcases.TestDummy1.dog()'><b>dog</b><br>Test class: testNG_scenarios_dummytestcases.TestDummy1</td>
<td></td>
<td>0</td>
<td>testNG_scenarios_dummytestcases.TestDummy1@f6c48ac</td></tr>
<tr>
<td title='testNG_scenarios_dummytestcases.TestDummy2.dummy()'><b>dummy</b><br>Test class: testNG_scenarios_dummytestcases.TestDummy2</td>
<td></td>
<td>0</td>
<td>testNG_scenarios_dummytestcases.TestDummy2@204f30ec</td></tr>
<tr>
<td title='testNG_scenarios_dummytestcases.TestDummyGrouping2.method1()'><b>method1</b><br>Test class: testNG_scenarios_dummytestcases.TestDummyGrouping2</td>
<td></td>
<td>0</td>
<td>testNG_scenarios_dummytestcases.TestDummyGrouping2@39c0f4a</td></tr>
<tr>
<td title='testNG_scenarios_dummytestcases.TestDummyGrouping2.method2()'><b>method2</b><br>Test class: testNG_scenarios_dummytestcases.TestDummyGrouping2</td>
<td></td>
<td>0</td>
<td>testNG_scenarios_dummytestcases.TestDummyGrouping2@39c0f4a</td></tr>
<tr>
<td title='testNG_scenarios_dummytestcases.TestDummyGrouping2.method3()'><b>method3</b><br>Test class: testNG_scenarios_dummytestcases.TestDummyGrouping2</td>
<td></td>
<td>0</td>
<td>testNG_scenarios_dummytestcases.TestDummyGrouping2@39c0f4a</td></tr>
<tr>
<td title='testNG_scenarios_dummytestcases.TestDummyGrouping1.methodOne()'><b>methodOne</b><br>Test class: testNG_scenarios_dummytestcases.TestDummyGrouping1</td>
<td></td>
<td>0</td>
<td>testNG_scenarios_dummytestcases.TestDummyGrouping1@13deb50e</td></tr>
<tr>
<td title='testNG_scenarios_dummytestcases.TestDummyGrouping1.methodThree()'><b>methodThree</b><br>Test class: testNG_scenarios_dummytestcases.TestDummyGrouping1</td>
<td></td>
<td>0</td>
<td>testNG_scenarios_dummytestcases.TestDummyGrouping1@13deb50e</td></tr>
<tr>
<td title='testNG_scenarios_dummytestcases.TestDummyGrouping1.methodTwo()'><b>methodTwo</b><br>Test class: testNG_scenarios_dummytestcases.TestDummyGrouping1</td>
<td></td>
<td>0</td>
<td>testNG_scenarios_dummytestcases.TestDummyGrouping1@13deb50e</td></tr>
<tr>
<td title='testNG_scenarios_dummytestcases.TestDummy1.plane()'><b>plane</b><br>Test class: testNG_scenarios_dummytestcases.TestDummy1</td>
<td></td>
<td>0</td>
<td>testNG_scenarios_dummytestcases.TestDummy1@f6c48ac</td></tr>
</table><p>
<table width='100%' border='1' class='invocation-skipped'>
<tr><td colspan='4' align='center'><b>SKIPPED TESTS</b></td></tr>
<tr><td><b>Test method</b></td>
<td width="30%"><b>Exception</b></td>
<td width="10%"><b>Time (seconds)</b></td>
<td><b>Instance</b></td>
</tr>
<tr>
<td title='testNG_scenarios_dummytestcases.TestDummy1.skipMethod()'><b>skipMethod</b><br>Test class: testNG_scenarios_dummytestcases.TestDummy1</td>
<td><div><pre>org.testng.SkipException: i am skipping this method
	at testNG_scenarios_dummytestcases.TestDummy1.skipMethod(TestDummy1.java:57)
... Removed 24 stack frames</pre></div><a href='#' onClick='toggleBox("stack-trace1535634836", this, "Click to show all stack frames", "Click to hide stack frames")'>Click to show all stack frames</a>
<div class='stack-trace' id='stack-trace1535634836'><pre>org.testng.SkipException: i am skipping this method
	at testNG_scenarios_dummytestcases.TestDummy1.skipMethod(TestDummy1.java:57)
	at sun.reflect.NativeMethodAccessorImpl.invoke0(Native Method)
	at sun.reflect.NativeMethodAccessorImpl.invoke(NativeMethodAccessorImpl.java:62)
	at sun.reflect.DelegatingMethodAccessorImpl.invoke(DelegatingMethodAccessorImpl.java:43)
	at java.lang.reflect.Method.invoke(Method.java:498)
	at org.testng.internal.MethodInvocationHelper.invokeMethod(MethodInvocationHelper.java:84)
	at org.testng.internal.Invoker.invokeMethod(Invoker.java:714)
	at org.testng.internal.Invoker.invokeTestMethod(Invoker.java:901)
	at org.testng.internal.Invoker.invokeTestMethods(Invoker.java:1231)
	at org.testng.internal.TestMethodWorker.invokeTestMethods(TestMethodWorker.java:127)
	at org.testng.internal.TestMethodWorker.run(TestMethodWorker.java:111)
	at org.testng.TestRunner.privateRun(TestRunner.java:767)
	at org.testng.TestRunner.run(TestRunner.java:617)
	at org.testng.SuiteRunner.runTest(SuiteRunner.java:348)
	at org.testng.SuiteRunner.runSequentially(SuiteRunner.java:343)
	at org.testng.SuiteRunner.privateRun(SuiteRunner.java:305)
	at org.testng.SuiteRunner.run(SuiteRunner.java:254)
	at org.testng.SuiteRunnerWorker.runSuite(SuiteRunnerWorker.java:52)
	at org.testng.SuiteRunnerWorker.run(SuiteRunnerWorker.java:86)
	at org.testng.TestNG.runSuitesSequentially(TestNG.java:1224)
	at org.testng.TestNG.runSuitesLocally(TestNG.java:1149)
	at org.testng.TestNG.run(TestNG.java:1057)
	at org.testng.remote.AbstractRemoteTestNG.run(AbstractRemoteTestNG.java:114)
	at org.testng.remote.RemoteTestNG.initAndRun(RemoteTestNG.java:251)
	at org.testng.remote.RemoteTestNG.main(RemoteTestNG.java:77)
</pre></div></td>
<td>0</td>
<td>testNG_scenarios_dummytestcases.TestDummy1@f6c48ac</td></tr>
</table><p>
</body>
</html>