<?xml version="1.0" encoding="UTF-8"?>
<!-- Generated by org.testng.reporters.JUnitXMLReporter -->
<testsuite hostname="LIN60015134" name="Test" tests="14" failures="0" timestamp="1 May 2019 06:50:06 GMT" time="0.11" errors="0">
  <testcase name="dog" time="0.008" classname="testNG_scenarios_dummytestcases.TestDummy1"/>
  <testcase name="skipMethod" time="0.002" classname="testNG_scenarios_dummytestcases.TestDummy1">
    <skipped/>
  </testcase> <!-- skipMethod -->
  <testcase name="plane" time="0.005" classname="testNG_scenarios_dummytestcases.TestDummy1"/>
  <testcase name="plane" time="0.001" classname="testNG_scenarios_dummytestcases.TestDummy1">
    <failure type="java.lang.AssertionError" message="expected [false] but found [true]">
      <![CDATA[java.lang.AssertionError: expected [false] but found [true]
	at testNG_scenarios_dummytestcases.TestDummy1.plane(TestDummy1.java:39)
... Removed 29 stack frames]]>
    </failure>
  </testcase> <!-- plane -->
  <testcase name="plane" time="0.003" classname="testNG_scenarios_dummytestcases.TestDummy1"/>
  <testcase name="boy" time="0.002" classname="testNG_scenarios_dummytestcases.TestDummy1"/>
  <testcase name="cat" time="0.002" classname="testNG_scenarios_dummytestcases.TestDummy1"/>
  <testcase name="dummy" time="0.001" classname="testNG_scenarios_dummytestcases.TestDummy2"/>
  <testcase name="methodOne" time="0.003" classname="testNG_scenarios_dummytestcases.TestDummyGrouping1"/>
  <testcase name="methodThree" time="0.002" classname="testNG_scenarios_dummytestcases.TestDummyGrouping1"/>
  <testcase name="methodTwo" time="0.002" classname="testNG_scenarios_dummytestcases.TestDummyGrouping1"/>
  <testcase name="method1" time="0.003" classname="testNG_scenarios_dummytestcases.TestDummyGrouping2"/>
  <testcase name="method3" time="0.002" classname="testNG_scenarios_dummytestcases.TestDummyGrouping2"/>
  <testcase name="method2" time="0.002" classname="testNG_scenarios_dummytestcases.TestDummyGrouping2"/>
</testsuite> <!-- Test -->
